[debug] [2020-05-26T17:26:19.584Z] ----------------------------------------------------------------------
[debug] [2020-05-26T17:26:19.586Z] Command:       /home/ragab/.nvm/versions/node/v10.17.0/bin/node /home/ragab/.nvm/versions/node/v10.17.0/bin/firebase deploy --only functions
[debug] [2020-05-26T17:26:19.587Z] CLI Version:   8.3.0
[debug] [2020-05-26T17:26:19.587Z] Platform:      linux
[debug] [2020-05-26T17:26:19.587Z] Node Version:  v10.17.0
[debug] [2020-05-26T17:26:19.587Z] Time:          Tue May 26 2020 19:26:19 GMT+0200 (Eastern European Standard Time)
[debug] [2020-05-26T17:26:19.587Z] ----------------------------------------------------------------------
[debug] [2020-05-26T17:26:19.587Z] 
[debug] [2020-05-26T17:26:19.594Z] > command requires scopes: ["email","openid","https://www.googleapis.com/auth/cloudplatformprojects.readonly","https://www.googleapis.com/auth/firebase","https://www.googleapis.com/auth/cloud-platform"]
[debug] [2020-05-26T17:26:19.595Z] > authorizing via signed-in user
[debug] [2020-05-26T17:26:19.595Z] [iam] checking project coronavirusfreeapp for permissions ["cloudfunctions.functions.create","cloudfunctions.functions.delete","cloudfunctions.functions.get","cloudfunctions.functions.list","cloudfunctions.functions.update","cloudfunctions.operations.get","firebase.projects.get"]
[debug] [2020-05-26T17:26:19.599Z] >>> HTTP REQUEST POST https://cloudresourcemanager.googleapis.com/v1/projects/coronavirusfreeapp:testIamPermissions  
 {"permissions":["cloudfunctions.functions.create","cloudfunctions.functions.delete","cloudfunctions.functions.get","cloudfunctions.functions.list","cloudfunctions.functions.update","cloudfunctions.operations.get","firebase.projects.get"]}
[debug] [2020-05-26T17:26:20.568Z] <<< HTTP RESPONSE 200 {"content-type":"application/json; charset=UTF-8","vary":"X-Origin, Referer, Origin,Accept-Encoding","date":"Tue, 26 May 2020 17:26:20 GMT","server":"ESF","cache-control":"private","x-xss-protection":"0","x-frame-options":"SAMEORIGIN","x-content-type-options":"nosniff","server-timing":"gfet4t7; dur=625","alt-svc":"h3-27=\":443\"; ma=2592000,h3-25=\":443\"; ma=2592000,h3-T050=\":443\"; ma=2592000,h3-Q050=\":443\"; ma=2592000,h3-Q049=\":443\"; ma=2592000,h3-Q048=\":443\"; ma=2592000,h3-Q046=\":443\"; ma=2592000,h3-Q043=\":443\"; ma=2592000,quic=\":443\"; ma=2592000; v=\"46,43\"","accept-ranges":"none","transfer-encoding":"chunked"}
[debug] [2020-05-26T17:26:20.571Z] >>> HTTP REQUEST POST https://iam.googleapis.com/v1/projects/coronavirusfreeapp/serviceAccounts/coronavirusfreeapp@appspot.gserviceaccount.com:testIamPermissions  
 {"permissions":["iam.serviceAccounts.actAs"]}
[debug] [2020-05-26T17:26:21.521Z] <<< HTTP RESPONSE 200 {"content-type":"application/json; charset=UTF-8","vary":"X-Origin, Referer, Origin,Accept-Encoding","date":"Tue, 26 May 2020 17:26:21 GMT","server":"ESF","cache-control":"private","x-xss-protection":"0","x-frame-options":"SAMEORIGIN","x-content-type-options":"nosniff","alt-svc":"h3-27=\":443\"; ma=2592000,h3-25=\":443\"; ma=2592000,h3-T050=\":443\"; ma=2592000,h3-Q050=\":443\"; ma=2592000,h3-Q049=\":443\"; ma=2592000,h3-Q048=\":443\"; ma=2592000,h3-Q046=\":443\"; ma=2592000,h3-Q043=\":443\"; ma=2592000,quic=\":443\"; ma=2592000; v=\"46,43\"","accept-ranges":"none","transfer-encoding":"chunked"}
[info] 
[info] === Deploying to 'coronavirusfreeapp'...
[info] 
[info] i  deploying functions 
[info] Running command: npm --prefix "$RESOURCE_DIR" run lint
